[debug] [2021-11-16T18:15:02.292Z] ----------------------------------------------------------------------
[debug] [2021-11-16T18:15:02.293Z] Command:       /usr/local/bin/node /usr/local/bin/firebase deploy
[debug] [2021-11-16T18:15:02.293Z] CLI Version:   9.22.0
[debug] [2021-11-16T18:15:02.293Z] Platform:      darwin
[debug] [2021-11-16T18:15:02.293Z] Node Version:  v16.13.0
[debug] [2021-11-16T18:15:02.294Z] Time:          Tue Nov 16 2021 20:15:02 GMT+0200 (Israel Standard Time)
[debug] [2021-11-16T18:15:02.294Z] ----------------------------------------------------------------------
[debug] 
[debug] [2021-11-16T18:15:02.318Z] > command requires scopes: ["email","openid","https://www.googleapis.com/auth/cloudplatformprojects.readonly","https://www.googleapis.com/auth/firebase","https://www.googleapis.com/auth/cloud-platform"]
[debug] [2021-11-16T18:15:02.318Z] > authorizing via signed-in user (bigshowmusic@gmail.com)
[debug] [2021-11-16T18:15:02.319Z] [iam] checking project just-print-ngs for permissions ["datastore.indexes.create","datastore.indexes.delete","datastore.indexes.list","datastore.indexes.update","firebase.projects.get","firebasedatabase.instances.update","firebasehosting.sites.update","firebaserules.releases.create","firebaserules.releases.update","firebaserules.rulesets.create"]
[debug] [2021-11-16T18:15:02.319Z] >>> HTTP REQUEST POST https://cloudresourcemanager.googleapis.com/v1/projects/just-print-ngs:testIamPermissions  
 {"permissions":["datastore.indexes.create","datastore.indexes.delete","datastore.indexes.list","datastore.indexes.update","firebase.projects.get","firebasedatabase.instances.update","firebasehosting.sites.update","firebaserules.releases.create","firebaserules.releases.update","firebaserules.rulesets.create"]}
[debug] [2021-11-16T18:15:03.285Z] <<< HTTP RESPONSE 200 {"content-type":"application/json; charset=UTF-8","vary":"X-Origin, Referer, Origin,Accept-Encoding","date":"Tue, 16 Nov 2021 18:15:03 GMT","server":"ESF","cache-control":"private","x-xss-protection":"0","x-frame-options":"SAMEORIGIN","x-content-type-options":"nosniff","server-timing":"gfet4t7; dur=608","alt-svc":"h3=\":443\"; ma=2592000,h3-29=\":443\"; ma=2592000,h3-Q050=\":443\"; ma=2592000,h3-Q046=\":443\"; ma=2592000,h3-Q043=\":443\"; ma=2592000,quic=\":443\"; ma=2592000; v=\"46,43\"","accept-ranges":"none","transfer-encoding":"chunked"}
[debug] [2021-11-16T18:15:03.287Z] > refreshing access token with scopes: []
[debug] [2021-11-16T18:15:03.287Z] >>> HTTP REQUEST POST https://www.googleapis.com/oauth2/v3/token  
 <request body omitted>
[debug] [2021-11-16T18:15:03.690Z] <<< HTTP RESPONSE 200 {"pragma":"no-cache","date":"Tue, 16 Nov 2021 18:15:03 GMT","expires":"Mon, 01 Jan 1990 00:00:00 GMT","cache-control":"no-cache, no-store, max-age=0, must-revalidate","content-type":"application/json; charset=utf-8","vary":"X-Origin, Referer, Origin,Accept-Encoding","server":"scaffolding on HTTPServer2","x-xss-protection":"0","x-frame-options":"SAMEORIGIN","x-content-type-options":"nosniff","alt-svc":"h3=\":443\"; ma=2592000,h3-29=\":443\"; ma=2592000,h3-Q050=\":443\"; ma=2592000,h3-Q046=\":443\"; ma=2592000,h3-Q043=\":443\"; ma=2592000,quic=\":443\"; ma=2592000; v=\"46,43\"","accept-ranges":"none","transfer-encoding":"chunked"}
[debug] [2021-11-16T18:15:03.738Z] >>> [apiv2][query] GET https://firebase.googleapis.com/v1beta1/projects/just-print-ngs [none]
[debug] [2021-11-16T18:15:04.199Z] <<< [apiv2][status] GET https://firebase.googleapis.com/v1beta1/projects/just-print-ngs 200
[debug] [2021-11-16T18:15:04.199Z] <<< [apiv2][body] GET https://firebase.googleapis.com/v1beta1/projects/just-print-ngs {"projectId":"just-print-ngs","projectNumber":"38410968724","displayName":"JustPrint","name":"projects/just-print-ngs","resources":{"hostingSite":"just-print-ngs","realtimeDatabaseInstance":"just-print-ngs-default-rtdb","storageBucket":"just-print-ngs.appspot.com","locationId":"us-central"},"state":"ACTIVE"}
[debug] [2021-11-16T18:15:04.200Z] >>> [apiv2][query] GET https://firebase.googleapis.com/v1beta1/projects/just-print-ngs [none]
[debug] [2021-11-16T18:15:04.594Z] <<< [apiv2][status] GET https://firebase.googleapis.com/v1beta1/projects/just-print-ngs 200
[debug] [2021-11-16T18:15:04.594Z] <<< [apiv2][body] GET https://firebase.googleapis.com/v1beta1/projects/just-print-ngs {"projectId":"just-print-ngs","projectNumber":"38410968724","displayName":"JustPrint","name":"projects/just-print-ngs","resources":{"hostingSite":"just-print-ngs","realtimeDatabaseInstance":"just-print-ngs-default-rtdb","storageBucket":"just-print-ngs.appspot.com","locationId":"us-central"},"state":"ACTIVE"}
[info] 
[info] === Deploying to 'just-print-ngs'...
[info] 
[info] i  deploying database, storage, firestore, hosting 
[info] i  database: checking rules syntax... 
[debug] [2021-11-16T18:15:04.596Z] > refreshing access token with scopes: ["email","https://www.googleapis.com/auth/cloud-platform","https://www.googleapis.com/auth/cloudplatformprojects.readonly","https://www.googleapis.com/auth/firebase","openid"]
[debug] [2021-11-16T18:15:04.596Z] >>> HTTP REQUEST POST https://www.googleapis.com/oauth2/v3/token  
 <request body omitted>
[debug] [2021-11-16T18:15:04.841Z] <<< HTTP RESPONSE 200 {"cache-control":"no-cache, no-store, max-age=0, must-revalidate","pragma":"no-cache","date":"Tue, 16 Nov 2021 18:15:04 GMT","expires":"Mon, 01 Jan 1990 00:00:00 GMT","content-type":"application/json; charset=utf-8","vary":"X-Origin, Referer, Origin,Accept-Encoding","server":"scaffolding on HTTPServer2","x-xss-protection":"0","x-frame-options":"SAMEORIGIN","x-content-type-options":"nosniff","alt-svc":"h3=\":443\"; ma=2592000,h3-29=\":443\"; ma=2592000,h3-Q050=\":443\"; ma=2592000,h3-Q046=\":443\"; ma=2592000,h3-Q043=\":443\"; ma=2592000,quic=\":443\"; ma=2592000; v=\"46,43\"","accept-ranges":"none","transfer-encoding":"chunked"}
[debug] [2021-11-16T18:15:04.884Z] >>> HTTP REQUEST GET https://firebasedatabase.googleapis.com/v1beta/projects/just-print-ngs/locations/-/instances/just-print-ngs-default-rtdb  
 
[debug] [2021-11-16T18:15:05.564Z] <<< HTTP RESPONSE 200 {"content-type":"application/json; charset=UTF-8","vary":"X-Origin, Referer, Origin,Accept-Encoding","date":"Tue, 16 Nov 2021 18:15:05 GMT","server":"ESF","cache-control":"private","x-xss-protection":"0","x-frame-options":"SAMEORIGIN","x-content-type-options":"nosniff","alt-svc":"h3=\":443\"; ma=2592000,h3-29=\":443\"; ma=2592000,h3-Q050=\":443\"; ma=2592000,h3-Q046=\":443\"; ma=2592000,h3-Q043=\":443\"; ma=2592000,quic=\":443\"; ma=2592000; v=\"46,43\"","accept-ranges":"none","transfer-encoding":"chunked"}
[debug] [2021-11-16T18:15:05.565Z] >>> HTTP REQUEST PUT https://just-print-ngs-default-rtdb.firebaseio.com/.settings/rules.json?dryRun=true  
 {
  "rules": {
    ".read": false,
    ".write": false,
    "users": {
      "$uid": {
        ".read": true,
        ".write": "$uid === auth.uid"
      }
    }
  }
}
[debug] [2021-11-16T18:15:06.402Z] <<< HTTP RESPONSE 200 {"server":"nginx","date":"Tue, 16 Nov 2021 18:15:06 GMT","content-type":"application/json; charset=utf-8","content-length":"15","connection":"keep-alive","access-control-allow-origin":"*","cache-control":"no-cache","strict-transport-security":"max-age=31556926; includeSubDomains; preload"}
[info] ✔  database: rules syntax for database just-print-ngs-default-rtdb is valid 
[debug] [2021-11-16T18:15:06.403Z] >>> HTTP REQUEST GET https://appengine.googleapis.com/v1/apps/just-print-ngs  
 
[debug] [2021-11-16T18:15:06.959Z] <<< HTTP RESPONSE 200 {"content-type":"application/json; charset=UTF-8","vary":"X-Origin, Referer, Origin,Accept-Encoding","date":"Tue, 16 Nov 2021 18:15:06 GMT","server":"ESF","cache-control":"private","x-xss-protection":"0","x-frame-options":"SAMEORIGIN","x-content-type-options":"nosniff","alt-svc":"h3=\":443\"; ma=2592000,h3-29=\":443\"; ma=2592000,h3-Q050=\":443\"; ma=2592000,h3-Q046=\":443\"; ma=2592000,h3-Q043=\":443\"; ma=2592000,quic=\":443\"; ma=2592000; v=\"46,43\"","accept-ranges":"none","transfer-encoding":"chunked"}
[info] i  firebase.storage: checking storage.rules for compilation errors... 
[debug] [2021-11-16T18:15:06.961Z] >>> HTTP REQUEST POST https://firebaserules.googleapis.com/v1/projects/just-print-ngs:test  
 {"source":{"files":[{"name":"storage.rules","content":"rules_version = '2';\nservice firebase.storage {\n  match /b/{bucket}/o {\n    match /{allPaths=**} {\n      allow read, write: if request.auth!=null;\n    }\n  }\n}"}]}}
[debug] [2021-11-16T18:15:07.828Z] <<< HTTP RESPONSE 200 {"content-type":"application/json; charset=UTF-8","vary":"X-Origin, Referer, Origin,Accept-Encoding","date":"Tue, 16 Nov 2021 18:15:07 GMT","server":"ESF","cache-control":"private","x-xss-protection":"0","x-frame-options":"SAMEORIGIN","x-content-type-options":"nosniff","alt-svc":"h3=\":443\"; ma=2592000,h3-29=\":443\"; ma=2592000,h3-Q050=\":443\"; ma=2592000,h3-Q046=\":443\"; ma=2592000,h3-Q043=\":443\"; ma=2592000,quic=\":443\"; ma=2592000; v=\"46,43\"","accept-ranges":"none","transfer-encoding":"chunked"}
[info] ✔  firebase.storage: rules file storage.rules compiled successfully 
[info] i  firestore: reading indexes from firestore.indexes.json... 
[info] i  cloud.firestore: checking firestore.rules for compilation errors... 
[debug] [2021-11-16T18:15:07.830Z] >>> HTTP REQUEST POST https://firebaserules.googleapis.com/v1/projects/just-print-ngs:test  
 {"source":{"files":[{"name":"firestore.rules","content":"rules_version = '2';\nservice cloud.firestore {\n  match /databases/{database}/documents {\n    match /{document=**} {\n      allow read, write: if request.auth != null;\n    }\n  }\n}"}]}}
[debug] [2021-11-16T18:15:08.738Z] <<< HTTP RESPONSE 200 {"content-type":"application/json; charset=UTF-8","vary":"X-Origin, Referer, Origin,Accept-Encoding","date":"Tue, 16 Nov 2021 18:15:08 GMT","server":"ESF","cache-control":"private","x-xss-protection":"0","x-frame-options":"SAMEORIGIN","x-content-type-options":"nosniff","alt-svc":"h3=\":443\"; ma=2592000,h3-29=\":443\"; ma=2592000,h3-Q050=\":443\"; ma=2592000,h3-Q046=\":443\"; ma=2592000,h3-Q043=\":443\"; ma=2592000,quic=\":443\"; ma=2592000; v=\"46,43\"","accept-ranges":"none","transfer-encoding":"chunked"}
[info] ✔  cloud.firestore: rules file firestore.rules compiled successfully 
[debug] [2021-11-16T18:15:08.740Z] >>> HTTP REQUEST POST https://firebasehosting.googleapis.com/v1beta1/sites/just-print-ngs/versions  
 {"config":{"rewrites":[{"glob":"**","path":"/index.html"}]},"labels":{"deployment-tool":"cli-firebase"}}
[debug] [2021-11-16T18:15:10.165Z] <<< HTTP RESPONSE 200 {"content-type":"application/json; charset=UTF-8","vary":"X-Origin, Referer, Origin,Accept-Encoding","date":"Tue, 16 Nov 2021 18:15:10 GMT","server":"ESF","cache-control":"private","x-xss-protection":"0","x-frame-options":"SAMEORIGIN","x-content-type-options":"nosniff","alt-svc":"h3=\":443\"; ma=2592000,h3-29=\":443\"; ma=2592000,h3-Q050=\":443\"; ma=2592000,h3-Q046=\":443\"; ma=2592000,h3-Q043=\":443\"; ma=2592000,quic=\":443\"; ma=2592000; v=\"46,43\"","accept-ranges":"none","transfer-encoding":"chunked"}
[debug] [2021-11-16T18:15:10.167Z] >>> HTTP REQUEST GET https://firebaserules.googleapis.com/v1/projects/just-print-ngs/releases?pageSize=10&pageToken=  
 
[debug] [2021-11-16T18:15:11.051Z] <<< HTTP RESPONSE 200 {"content-type":"application/json; charset=UTF-8","vary":"X-Origin, Referer, Origin,Accept-Encoding","date":"Tue, 16 Nov 2021 18:15:11 GMT","server":"ESF","cache-control":"private","x-xss-protection":"0","x-frame-options":"SAMEORIGIN","x-content-type-options":"nosniff","alt-svc":"h3=\":443\"; ma=2592000,h3-29=\":443\"; ma=2592000,h3-Q050=\":443\"; ma=2592000,h3-Q046=\":443\"; ma=2592000,h3-Q043=\":443\"; ma=2592000,quic=\":443\"; ma=2592000; v=\"46,43\"","accept-ranges":"none","transfer-encoding":"chunked"}
[debug] [2021-11-16T18:15:11.052Z] >>> HTTP REQUEST GET https://firebaserules.googleapis.com/v1/projects/just-print-ngs/rulesets/f2e1682c-9125-4fc2-9ad8-9802c9cb9a27  
 
[debug] [2021-11-16T18:15:11.476Z] <<< HTTP RESPONSE 200 {"content-type":"application/json; charset=UTF-8","vary":"X-Origin, Referer, Origin,Accept-Encoding","date":"Tue, 16 Nov 2021 18:15:11 GMT","server":"ESF","cache-control":"private","x-xss-protection":"0","x-frame-options":"SAMEORIGIN","x-content-type-options":"nosniff","alt-svc":"h3=\":443\"; ma=2592000,h3-29=\":443\"; ma=2592000,h3-Q050=\":443\"; ma=2592000,h3-Q046=\":443\"; ma=2592000,h3-Q043=\":443\"; ma=2592000,quic=\":443\"; ma=2592000; v=\"46,43\"","accept-ranges":"none","transfer-encoding":"chunked"}
[info] i  storage: latest version of storage.rules already up to date, skipping upload... 
[debug] [2021-11-16T18:15:11.479Z] >>> HTTP REQUEST GET https://firebaserules.googleapis.com/v1/projects/just-print-ngs/releases?pageSize=10&pageToken=  
 
[debug] [2021-11-16T18:15:11.480Z] >>> HTTP REQUEST GET https://firestore.googleapis.com/v1/projects/just-print-ngs/databases/(default)/collectionGroups/-/indexes  
 
[debug] [2021-11-16T18:15:11.883Z] <<< HTTP RESPONSE 200 {"content-type":"application/json; charset=UTF-8","vary":"X-Origin, Referer, Origin,Accept-Encoding","date":"Tue, 16 Nov 2021 18:15:11 GMT","server":"ESF","cache-control":"private","x-xss-protection":"0","x-frame-options":"SAMEORIGIN","x-content-type-options":"nosniff","alt-svc":"h3=\":443\"; ma=2592000,h3-29=\":443\"; ma=2592000,h3-Q050=\":443\"; ma=2592000,h3-Q046=\":443\"; ma=2592000,h3-Q043=\":443\"; ma=2592000,quic=\":443\"; ma=2592000; v=\"46,43\"","accept-ranges":"none","transfer-encoding":"chunked"}
[debug] [2021-11-16T18:15:11.883Z] >>> HTTP REQUEST GET https://firebaserules.googleapis.com/v1/projects/just-print-ngs/rulesets/a0975e43-d6ae-498b-a2d2-ede9c2fca4b5  
 
[debug] [2021-11-16T18:15:12.477Z] <<< HTTP RESPONSE 200 {"content-type":"application/json; charset=UTF-8","vary":"X-Origin, Referer, Origin,Accept-Encoding","date":"Tue, 16 Nov 2021 18:15:12 GMT","server":"ESF","cache-control":"private","x-xss-protection":"0","x-frame-options":"SAMEORIGIN","x-content-type-options":"nosniff","alt-svc":"h3=\":443\"; ma=2592000,h3-29=\":443\"; ma=2592000,h3-Q050=\":443\"; ma=2592000,h3-Q046=\":443\"; ma=2592000,h3-Q043=\":443\"; ma=2592000,quic=\":443\"; ma=2592000; v=\"46,43\"","accept-ranges":"none","transfer-encoding":"chunked"}
[debug] [2021-11-16T18:15:12.478Z] >>> HTTP REQUEST GET https://firestore.googleapis.com/v1/projects/just-print-ngs/databases/(default)/collectionGroups/-/fields?filter=indexConfig.usesAncestorConfig=false  
 
[debug] [2021-11-16T18:15:12.728Z] <<< HTTP RESPONSE 200 {"content-type":"application/json; charset=UTF-8","vary":"X-Origin, Referer, Origin,Accept-Encoding","date":"Tue, 16 Nov 2021 18:15:12 GMT","server":"ESF","cache-control":"private","x-xss-protection":"0","x-frame-options":"SAMEORIGIN","x-content-type-options":"nosniff","alt-svc":"h3=\":443\"; ma=2592000,h3-29=\":443\"; ma=2592000,h3-Q050=\":443\"; ma=2592000,h3-Q046=\":443\"; ma=2592000,h3-Q043=\":443\"; ma=2592000,quic=\":443\"; ma=2592000; v=\"46,43\"","accept-ranges":"none","transfer-encoding":"chunked"}
[info] i  firestore: latest version of firestore.rules already up to date, skipping upload... 
[debug] [2021-11-16T18:15:13.900Z] <<< HTTP RESPONSE 200 {"content-type":"application/json; charset=UTF-8","vary":"X-Origin, Referer, Origin,Accept-Encoding","date":"Tue, 16 Nov 2021 18:15:13 GMT","server":"ESF","cache-control":"private","x-xss-protection":"0","x-frame-options":"SAMEORIGIN","x-content-type-options":"nosniff","alt-svc":"h3=\":443\"; ma=2592000,h3-29=\":443\"; ma=2592000,h3-Q050=\":443\"; ma=2592000,h3-Q046=\":443\"; ma=2592000,h3-Q043=\":443\"; ma=2592000,quic=\":443\"; ma=2592000; v=\"46,43\"","accept-ranges":"none","transfer-encoding":"chunked"}
[info] ✔  firestore: deployed indexes in firestore.indexes.json successfully 
[info] i  hosting[just-print-ngs]: beginning deploy... 
[info] i  hosting[just-print-ngs]: found 64 files in dist 
[debug] [2021-11-16T18:15:14.269Z] > refreshing access token with scopes: []
[debug] [2021-11-16T18:15:14.269Z] >>> HTTP REQUEST POST https://www.googleapis.com/oauth2/v3/token  
 <request body omitted>
[debug] [2021-11-16T18:15:14.270Z] [hosting] hash cache [ZGlzdA] stored for 64 files
[debug] [2021-11-16T18:15:14.270Z] [hosting][hash queue][FINAL] {"max":328,"min":18,"avg":33,"active":0,"complete":64,"success":64,"errored":0,"retried":0,"total":64,"elapsed":351}
[debug] [2021-11-16T18:15:14.524Z] <<< HTTP RESPONSE 200 {"pragma":"no-cache","expires":"Mon, 01 Jan 1990 00:00:00 GMT","cache-control":"no-cache, no-store, max-age=0, must-revalidate","date":"Tue, 16 Nov 2021 18:15:14 GMT","content-type":"application/json; charset=utf-8","vary":"X-Origin, Referer, Origin,Accept-Encoding","server":"scaffolding on HTTPServer2","x-xss-protection":"0","x-frame-options":"SAMEORIGIN","x-content-type-options":"nosniff","alt-svc":"h3=\":443\"; ma=2592000,h3-29=\":443\"; ma=2592000,h3-Q050=\":443\"; ma=2592000,h3-Q046=\":443\"; ma=2592000,h3-Q043=\":443\"; ma=2592000,quic=\":443\"; ma=2592000; v=\"46,43\"","accept-ranges":"none","transfer-encoding":"chunked"}
[debug] [2021-11-16T18:15:14.569Z] >>> [apiv2][query] POST https://firebasehosting.googleapis.com/v1beta1/sites/just-print-ngs/versions/88e44195e7a5eb4b:populateFiles [none]
[debug] [2021-11-16T18:15:14.569Z] >>> [apiv2][body] POST https://firebasehosting.googleapis.com/v1beta1/sites/just-print-ngs/versions/88e44195e7a5eb4b:populateFiles {"files":{"/404.html":"05cbc6f94d7a69ce2e29646eab13be2c884e61ba93e3094df5028866876d18b3","/index.html":"06baa8bbe66e111eddead502f328cf0690ab97f1e4243715870b529545b76060","/css/chunk-043cd6f8.49830f27.css":"bb1972ecea00d06820ac4d503d40ef982ec16422d09a49c5bacdb6de06a1908b","/css/app.f5ec04ab.css":"553793d3ad180e29a9c6b7a22df0132c9938c672bed9282fb31c129bd26c44ab","/css/chunk-1e0c9502.3e97bca2.css":"93449b2a43d49a74e3215b479b0e0140e7112a051fd913a956426a5bb1576562","/css/chunk-41fbc6a0.fb3b7d13.css":"1dfd7f4e2b3ad4243439809054ea793d8abe44b330835e7712ee37267eba6722","/css/chunk-2d2723d0.3f6bf40f.css":"f1d653b05c170befa47c5030d5dd3a8db00026e6ccd671f49dee2897ebf37ff5","/css/chunk-3bfacb76.dcb27a86.css":"d227cf2404b1b14ed8fbceb7d69028a73dce1073662f8e0f5fb6b19f2155acef","/css/chunk-46c2478f.fa7e8798.css":"4ebbb3bcda125131374bbe4c70b91ca39ac43e22591b230c7c7aabc5ae2aca88","/css/chunk-6e7fab02.49830f27.css":"bb1972ecea00d06820ac4d503d40ef982ec16422d09a49c5bacdb6de06a1908b","/favicon.ico":"1e71457865f706dc865b49a54a86e193818220d290b30226b6630a42faf1535d","/css/chunk-9977169e.d1f51539.css":"7cd37ee58a736f9abd8a6a05ee897924b3ef1ebd3e7edc234b93a8a724301d06","/css/chunk-6aaf58e8.58db1e7d.css":"b84554c31370dab0033d2f294deec4a3644bcce4552bd6946c3f23a4e11c31ff","/css/chunk-6797d4da.1dabf6f3.css":"b8d7ab63580faa854c57e05b6e4ca545a114f8251315245bac781a4d0002fb72","/css/chunk-bc7343bc.ac218e16.css":"d2590c0d1e87be53b5698a10f14d187ec0fe96e532a2c7bf32bae2c998e74ec5","/css/chunk-ba009a5a.0f073bfa.css":"16bc6dae2678c8672e25ba23046e092fe6e92b15ff4c64742e99b79892fd3a77","/css/chunk-50a3ae06.55106893.css":"2f1d9f0e6fbab55504dbcaac59382e027b72739b28edfef9fd017e3df26213c0","/images/logojp.png":"442b09561e24c80711a9e0f43789c390e36e802794b42076d0be2e2cd9c285f3","/js/chunk-043cd6f8.50ac696b.js":"4dcb9d10a26aaff9a777ca946e08c7803954b2a137701c0aafc755478429cf53","/js/chunk-1e0c9502.964aa02b.js":"6fd0474d1883f3a731cd91f8897d754f0ddea4570c123c3927c23adee89ba99f","/js/chunk-043cd6f8.50ac696b.js.map":"1f4169c42367b7b25ec588252b4b00e0aea31334bd1b1aaaaa9e65f4068f0e1d","/js/chunk-2d0e5829.61fe0537.js":"d8bfe6178812b874baffe0c6d7721f70eb0a8717feaaa6c1db6fef02486d84fe","/js/chunk-1e0c9502.964aa02b.js.map":"d976a6882d73ef417f945a846413b351389ac202990bdd815df21b5cf7bd57b4","/js/chunk-2d230ff5.cebbf8b9.js":"7416fab7d2e585dedce0aefb58defb1720f35f8a8dc834090f63a1e36240ecbf","/js/chunk-2d22d746.1a96c208.js.map":"ae84574996b2706d51ed1e1a6649d833723fa20d5226e0a4381ea932400b0c84","/js/chunk-2d22d746.1a96c208.js":"077366175567ba247892163dd586cf4f6fdfb28b8aef473ab5dd732837ff02cf","/js/chunk-2d0e5829.61fe0537.js.map":"11483410347ef6bf65f3ba999e1dd05e9a9fc324d9bceea1a8816978ce809bc1","/js/chunk-2d230ff5.cebbf8b9.js.map":"eb66ca4d378821ad8abcfdc58f1041d295492ce66d90a2011a25f36fe1228d77","/js/chunk-2d2723d0.775a3017.js":"a0db70a10c2da36ce4fd263780c2545e84b5c03d055e2d53cd70a114d1a9ae6f","/js/chunk-3bfacb76.512af12f.js":"dff542167e3dc6cff2410a210cbbd93f33b19ec90c533aa4b8b690c74d954150","/js/app.5d2415bf.js":"58ced57d3cf07e603ce9460d53239762218a1574432df7b744c638ede314b494","/js/chunk-2d2723d0.775a3017.js.map":"2cc1df373e41bdd49ddc76bd24d36e1be6a99d8ff0a6ba8f6de25216cf746def","/js/chunk-41fbc6a0.5f56f686.js":"4b733023240638579231730da5e8de0215793c733c882035e9ddf78b8b736462","/js/chunk-3bfacb76.512af12f.js.map":"fa376ffee0c6cbc0bd5e5f56cfbc9f42105953878706fc652a544c6cb5bfb416","/js/chunk-46c2478f.dfb35d85.js":"0f2db2d87f0b7004c13d222f1b037400ee9beda8153d99dbfe8b1ee31ebf772a","/js/chunk-50a3ae06.d89f69c7.js":"0086786d3c46d4dd9703af666497c595f32c9d1b2a8a3e6e99ee9a2e0adac051","/js/chunk-41fbc6a0.5f56f686.js.map":"7067a043417a563253f7fff3292e020fd6bfb88c284ba6c27f27c0cbeda16427","/images/marcus.jpg":"6ce895a4fc2ed90f3b034670524de44f45e5910178ed68d923db9d60678a88d0","/images/radik.jpg":"d0f68f44eef397f5a0c8e56c17b7007117d3dd824b85a265ea3227cda256c60d","/js/chunk-50a3ae06.d89f69c7.js.map":"279aa27e7d6259fc8dd9b014e27b61ee8d1e58cc7aea0913c10387a68b9bf4af","/js/app.5d2415bf.js.map":"c66f2999ec69042aeb812fbac24520a912408ce4975f5d9bca52ade89295d09f","/js/chunk-6797d4da.8bff3797.js":"f62487309df50d4c0573a9b582f7e80cda3801a3f9f361a80b29f7869fbfb209","/js/chunk-6e7fab02.33541ac1.js":"14a779f62fcc9068021f1cead91351ff7523a0800f1260d046d279e6ff910691","/js/chunk-6aaf58e8.6aba4e21.js":"3a6befaf724704bf817320783f6e242d95bba855fd582762b64fae2af310ab5e","/js/chunk-9977169e.e9529627.js":"549d741b5abf604747dea5d85724674fab0563ff85b4b4fd85f486fe6c06b626","/js/chunk-6e7fab02.33541ac1.js.map":"ebe4ce6811b78526834e29b115e902723f0031957a1d6377b6e9d263957d1f28","/js/chunk-9977169e.e9529627.js.map":"20a2ce97345dfa3bf8c3bc42391823ece92ae5495e18515a10f5eef2b0bcded3","/js/chunk-ba009a5a.afba4553.js":"b13d68cfcc0a39b9624285096edf7c9b3e69d95f93f20818a3e2dd82a12baf5a","/js/chunk-bc7343bc.92fe0e24.js":"2d1af984d0e4cfcbed55335e27bf25889dc1314441925bdac8895c29f4b34d8e","/js/chunk-ba009a5a.afba4553.js.map":"21118cfbd48d688657d29bfb4d49c081ac69c0270ffbde8f0062867627991d2b","/js/chunk-6aaf58e8.6aba4e21.js.map":"0d3d78307e133bbc9a367af538caa5842dc13200fbcd5f3196ac9a2e217b603c","/js/chunk-6797d4da.8bff3797.js.map":"0cbd4bf03e93d4099b0cdc5735ae8e867c07ec6ac04df053942c5f3b0e003728","/js/chunk-46c2478f.dfb35d85.js.map":"81c0313eb4bb36d9b1302d5ff1d1e242822766b50c2544398c489615b5f8ee71","/fonts/Ploni-Regular-AAA.woff":"5ab77057db1d82c6df6e02fc9fd4fb18ac7817ec86fa181646b1671964485432","/js/chunk-bc7343bc.92fe0e24.js.map":"24a86ac676ae7b2a2ad4d5b0633750631358693bf45a8c6983c659cae5b2f48a","/fonts/Ploni-Regular-AAA.eot":"fa8247e928336b6e7c383637b1b07706a6fa35f9ba540242fa0789a2dcd72b48","/fonts/Ploni-Regular-AAA.ttf":"8e6874999bb88f6993ad0a4215948da9a5174e48070c9552135c4f4c9b7a2fbd","/images/stars.jpeg":"75724b0124553e7aa0940ed78c54ef26c011762b34f2f97575b16950b770f9e0","/css/chunk-vendors.c0c4b3c7.css":"e27c1837ad0f4dae3d17763668795bc731cd9554bac2f3913ffb18c4fc83e953","/fonts/Ploni-Regular-AAA.otf":"b47335c2398f00e196367ab2f298027f638e10f58b65ebcfb5d1e25a348ba515","/fonts/Ploni-Regular-AAA.svg":"222d8b30eca14d44bc075cb4a9597a6ad356f7b2eaf6672462c1f36549394bfc","/images/mountains.jpg":"010f65459fca97804261e7f2587578be07fe137aae45fe839a7c70da8b44983c","/js/chunk-vendors.298f1090.js":"f1a9341e5d460eeb35b5b32731e0e8f59f4694bad0f04a496b02bc827b3a92bd","/js/chunk-vendors.298f1090.js.map":"e5ff1792d1f5fa4f0eb779388a3cbb612c2cab10a60745b28bf8c3d9915cac6e"}}
